--------------------------------------------------------------------------------
Release 14.7 Trace  (nt64)
Copyright (c) 1995-2013 Xilinx, Inc.  All rights reserved.

C:\Xilinx\14.7\ISE_DS\ISE\bin\nt64\unwrapped\trce.exe -intstyle ise -v 3 -s 5
-n 3 -fastpaths -xml Mux2_1.twx Mux2_1.ncd -o Mux2_1.twr Mux2_1.pcf

Design file:              Mux2_1.ncd
Physical constraint file: Mux2_1.pcf
Device,package,speed:     xc3s100e,cp132,-5 (PRODUCTION 1.27 2013-10-13)
Report level:             verbose report

Environment Variable      Effect 
--------------------      ------ 
NONE                      No environment variables were set
--------------------------------------------------------------------------------

INFO:Timing:2698 - No timing constraints found, doing default enumeration.
INFO:Timing:3412 - To improve timing, see the Timing Closure User Guide (UG612).
INFO:Timing:2752 - To get complete path coverage, use the unconstrained paths 
   option. All paths that are not constrained will be reported in the 
   unconstrained paths section(s) of the report.
INFO:Timing:3339 - The clock-to-out numbers in this timing report are based on 
   a 50 Ohm transmission line loading model.  For the details of this model, 
   and for more information on accounting for different loading conditions, 
   please see the device datasheet.
INFO:Timing:3390 - This architecture does not support a default System Jitter 
   value, please add SYSTEM_JITTER constraint to the UCF to modify the Clock 
   Uncertainty calculation.
INFO:Timing:3389 - This architecture does not support 'Discrete Jitter' and 
   'Phase Error' calculations, these terms will be zero in the Clock 
   Uncertainty calculation.  Please make appropriate modification to 
   SYSTEM_JITTER to account for the unsupported Discrete Jitter and Phase 
   Error.



Data Sheet report:
-----------------
All values displayed in nanoseconds (ns)

Pad to Pad
---------------+---------------+---------+
Source Pad     |Destination Pad|  Delay  |
---------------+---------------+---------+
entrada1MUX<0> |saidaMux<0>    |    6.676|
entrada1MUX<1> |saidaMux<1>    |    6.468|
entrada1MUX<2> |saidaMux<2>    |    5.991|
entrada1MUX<3> |saidaMux<3>    |    5.992|
entrada1MUX<4> |saidaMux<4>    |    6.314|
entrada1MUX<5> |saidaMux<5>    |    5.690|
entrada1MUX<6> |saidaMux<6>    |    5.848|
entrada1MUX<7> |saidaMux<7>    |    6.105|
entrada2MUX<0> |saidaMux<0>    |    6.533|
entrada2MUX<1> |saidaMux<1>    |    6.032|
entrada2MUX<2> |saidaMux<2>    |    6.267|
entrada2MUX<3> |saidaMux<3>    |    5.783|
entrada2MUX<4> |saidaMux<4>    |    5.991|
entrada2MUX<5> |saidaMux<5>    |    6.031|
entrada2MUX<6> |saidaMux<6>    |    5.683|
entrada2MUX<7> |saidaMux<7>    |    6.110|
seletorMux     |saidaMux<0>    |    7.363|
seletorMux     |saidaMux<1>    |    7.182|
seletorMux     |saidaMux<2>    |    7.230|
seletorMux     |saidaMux<3>    |    7.084|
seletorMux     |saidaMux<4>    |    6.804|
seletorMux     |saidaMux<5>    |    6.107|
seletorMux     |saidaMux<6>    |    6.161|
seletorMux     |saidaMux<7>    |    6.761|
---------------+---------------+---------+


Analysis completed Thu Oct 11 15:05:11 2018 
--------------------------------------------------------------------------------

Trace Settings:
-------------------------
Trace Settings 

Peak Memory Usage: 4487 MB



