Release 14.7 - xst P.20131013 (nt64)
Copyright (c) 1995-2013 Xilinx, Inc.  All rights reserved.
--> Parameter TMPDIR set to xst/projnav.tmp


Total REAL time to Xst completion: 0.00 secs
Total CPU time to Xst completion: 0.17 secs
 
--> Parameter xsthdpdir set to xst


Total REAL time to Xst completion: 0.00 secs
Total CPU time to Xst completion: 0.17 secs
 
--> Reading design: PC.prj

TABLE OF CONTENTS
  1) Synthesis Options Summary
  2) HDL Compilation
  3) Design Hierarchy Analysis
  4) HDL Analysis
  5) HDL Synthesis
     5.1) HDL Synthesis Report
  6) Advanced HDL Synthesis
     6.1) Advanced HDL Synthesis Report
  7) Low Level Synthesis
  8) Partition Report
  9) Final Report
	9.1) Device utilization summary
	9.2) Partition Resource Summary
	9.3) TIMING REPORT


=========================================================================
*                      Synthesis Options Summary                        *
=========================================================================
---- Source Parameters
Input File Name                    : "PC.prj"
Input Format                       : mixed
Ignore Synthesis Constraint File   : NO

---- Target Parameters
Output File Name                   : "PC"
Output Format                      : NGC
Target Device                      : xc3s100e-5-cp132

---- Source Options
Top Module Name                    : PC
Automatic FSM Extraction           : YES
FSM Encoding Algorithm             : Auto
Safe Implementation                : No
FSM Style                          : LUT
RAM Extraction                     : Yes
RAM Style                          : Auto
ROM Extraction                     : Yes
Mux Style                          : Auto
Decoder Extraction                 : YES
Priority Encoder Extraction        : Yes
Shift Register Extraction          : YES
Logical Shifter Extraction         : YES
XOR Collapsing                     : YES
ROM Style                          : Auto
Mux Extraction                     : Yes
Resource Sharing                   : YES
Asynchronous To Synchronous        : NO
Multiplier Style                   : Auto
Automatic Register Balancing       : No

---- Target Options
Add IO Buffers                     : YES
Global Maximum Fanout              : 100000
Add Generic Clock Buffer(BUFG)     : 24
Register Duplication               : YES
Slice Packing                      : YES
Optimize Instantiated Primitives   : NO
Use Clock Enable                   : Yes
Use Synchronous Set                : Yes
Use Synchronous Reset              : Yes
Pack IO Registers into IOBs        : Auto
Equivalent register Removal        : YES

---- General Options
Optimization Goal                  : Speed
Optimization Effort                : 1
Keep Hierarchy                     : No
Netlist Hierarchy                  : As_Optimized
RTL Output                         : Yes
Global Optimization                : AllClockNets
Read Cores                         : YES
Write Timing Constraints           : NO
Cross Clock Analysis               : NO
Hierarchy Separator                : /
Bus Delimiter                      : <>
Case Specifier                     : Maintain
Slice Utilization Ratio            : 100
BRAM Utilization Ratio             : 100
Verilog 2001                       : YES
Auto BRAM Packing                  : NO
Slice Utilization Ratio Delta      : 5

---- Other Options
Cores Search Directories           : {"ipcore_dir"  }

=========================================================================


=========================================================================
*                          HDL Compilation                              *
=========================================================================
Compiling vhdl file "C:/Users/gabri/Dropbox/SD/Arquivos login INF/Trabalho 2 SD - Gabriel Martins dos Santos/Neander_Gabriel_Martins/PC.vhd" in Library work.
Architecture behavioral of Entity pc is up to date.

=========================================================================
*                     Design Hierarchy Analysis                         *
=========================================================================
Analyzing hierarchy for entity <PC> in library <work> (architecture <behavioral>).


=========================================================================
*                            HDL Analysis                               *
=========================================================================
Analyzing Entity <PC> in library <work> (Architecture <behavioral>).
Entity <PC> analyzed. Unit <PC> generated.


=========================================================================
*                           HDL Synthesis                               *
=========================================================================

Performing bidirectional port resolution...

Synthesizing Unit <PC>.
    Related source file is "C:/Users/gabri/Dropbox/SD/Arquivos login INF/Trabalho 2 SD - Gabriel Martins dos Santos/Neander_Gabriel_Martins/PC.vhd".
    Found 1-bit register for signal <cargaAnt>.
    Found 8-bit up counter for signal <dado>.
    Found 1-bit register for signal <incAnt>.
    Summary:
	inferred   1 Counter(s).
	inferred   2 D-type flip-flop(s).
Unit <PC> synthesized.


=========================================================================
HDL Synthesis Report

Macro Statistics
# Counters                                             : 1
 8-bit up counter                                      : 1
# Registers                                            : 2
 1-bit register                                        : 2

=========================================================================

=========================================================================
*                       Advanced HDL Synthesis                          *
=========================================================================


=========================================================================
Advanced HDL Synthesis Report

Macro Statistics
# Counters                                             : 1
 8-bit up counter                                      : 1
# Registers                                            : 2
 Flip-Flops                                            : 2

=========================================================================

=========================================================================
*                         Low Level Synthesis                           *
=========================================================================

Optimizing unit <PC> ...

Mapping all equations...
Building and optimizing final netlist ...
Found area constraint ratio of 100 (+ 5) on block PC, actual ratio is 0.

Final Macro Processing ...

=========================================================================
Final Register Report

Macro Statistics
# Registers                                            : 10
 Flip-Flops                                            : 10

=========================================================================

=========================================================================
*                           Partition Report                            *
=========================================================================

Partition Implementation Status
-------------------------------

  No Partitions were found in this design.

-------------------------------

=========================================================================
*                            Final Report                               *
=========================================================================
Final Results
RTL Top Level Output File Name     : PC.ngr
Top Level Output File Name         : PC
Output Format                      : NGC
Optimization Goal                  : Speed
Keep Hierarchy                     : No

Design Statistics
# IOs                              : 20

Cell Usage :
# BELS                             : 30
#      GND                         : 1
#      INV                         : 3
#      LUT2                        : 1
#      LUT3                        : 9
#      LUT4                        : 1
#      MUXCY                       : 7
#      XORCY                       : 8
# FlipFlops/Latches                : 10
#      FDCE                        : 8
#      FDE                         : 2
# Clock Buffers                    : 1
#      BUFGP                       : 1
# IO Buffers                       : 19
#      IBUF                        : 11
#      OBUF                        : 8
=========================================================================

Device utilization summary:
---------------------------

Selected Device : 3s100ecp132-5 

 Number of Slices:                        6  out of    960     0%  
 Number of Slice Flip Flops:             10  out of   1920     0%  
 Number of 4 input LUTs:                 14  out of   1920     0%  
 Number of IOs:                          20
 Number of bonded IOBs:                  20  out of     83    24%  
 Number of GCLKs:                         1  out of     24     4%  

---------------------------
Partition Resource Summary:
---------------------------

  No Partitions were found in this design.

---------------------------


=========================================================================
TIMING REPORT

NOTE: THESE TIMING NUMBERS ARE ONLY A SYNTHESIS ESTIMATE.
      FOR ACCURATE TIMING INFORMATION PLEASE REFER TO THE TRACE REPORT
      GENERATED AFTER PLACE-and-ROUTE.

Clock Information:
------------------
-----------------------------------+------------------------+-------+
Clock Signal                       | Clock buffer(FF name)  | Load  |
-----------------------------------+------------------------+-------+
clk                                | BUFGP                  | 10    |
-----------------------------------+------------------------+-------+

Asynchronous Control Signals Information:
----------------------------------------
-----------------------------------+------------------------+-------+
Control Signal                     | Buffer(FF name)        | Load  |
-----------------------------------+------------------------+-------+
reset                              | IBUF                   | 8     |
-----------------------------------+------------------------+-------+

Timing Summary:
---------------
Speed Grade: -5

   Minimum period: 3.216ns (Maximum Frequency: 310.950MHz)
   Minimum input arrival time before clock: 4.284ns
   Maximum output required time after clock: 4.063ns
   Maximum combinational path delay: No path found

Timing Detail:
--------------
All values displayed in nanoseconds (ns)

=========================================================================
Timing constraint: Default period analysis for Clock 'clk'
  Clock period: 3.216ns (frequency: 310.950MHz)
  Total number of paths / destination ports: 54 / 18
-------------------------------------------------------------------------
Delay:               3.216ns (Levels of Logic = 9)
  Source:            dado_0 (FF)
  Destination:       dado_7 (FF)
  Source Clock:      clk rising
  Destination Clock: clk rising

  Data Path: dado_0 to dado_7
                                Gate     Net
    Cell:in->out      fanout   Delay   Delay  Logical Name (Net Name)
    ----------------------------------------  ------------
     FDCE:C->Q             2   0.514   0.410  dado_0 (dado_0)
     LUT3:I2->O            1   0.612   0.000  Mcount_dado_lut<0> (Mcount_dado_lut<0>)
     MUXCY:S->O            1   0.404   0.000  Mcount_dado_cy<0> (Mcount_dado_cy<0>)
     MUXCY:CI->O           1   0.051   0.000  Mcount_dado_cy<1> (Mcount_dado_cy<1>)
     MUXCY:CI->O           1   0.051   0.000  Mcount_dado_cy<2> (Mcount_dado_cy<2>)
     MUXCY:CI->O           1   0.051   0.000  Mcount_dado_cy<3> (Mcount_dado_cy<3>)
     MUXCY:CI->O           1   0.051   0.000  Mcount_dado_cy<4> (Mcount_dado_cy<4>)
     MUXCY:CI->O           1   0.051   0.000  Mcount_dado_cy<5> (Mcount_dado_cy<5>)
     MUXCY:CI->O           0   0.051   0.000  Mcount_dado_cy<6> (Mcount_dado_cy<6>)
     XORCY:CI->O           1   0.699   0.000  Mcount_dado_xor<7> (Mcount_dado7)
     FDCE:D                    0.268          dado_7
    ----------------------------------------
    Total                      3.216ns (2.806ns logic, 0.410ns route)
                                       (87.3% logic, 12.7% route)

=========================================================================
Timing constraint: Default OFFSET IN BEFORE for Clock 'clk'
  Total number of paths / destination ports: 101 / 18
-------------------------------------------------------------------------
Offset:              4.284ns (Levels of Logic = 10)
  Source:            cargaPC (PAD)
  Destination:       dado_7 (FF)
  Destination Clock: clk rising

  Data Path: cargaPC to dado_7
                                Gate     Net
    Cell:in->out      fanout   Delay   Delay  Logical Name (Net Name)
    ----------------------------------------  ------------
     IBUF:I->O            12   1.106   0.886  cargaPC_IBUF (cargaPC_IBUF)
     LUT3:I1->O            1   0.612   0.000  Mcount_dado_lut<0> (Mcount_dado_lut<0>)
     MUXCY:S->O            1   0.404   0.000  Mcount_dado_cy<0> (Mcount_dado_cy<0>)
     MUXCY:CI->O           1   0.051   0.000  Mcount_dado_cy<1> (Mcount_dado_cy<1>)
     MUXCY:CI->O           1   0.051   0.000  Mcount_dado_cy<2> (Mcount_dado_cy<2>)
     MUXCY:CI->O           1   0.051   0.000  Mcount_dado_cy<3> (Mcount_dado_cy<3>)
     MUXCY:CI->O           1   0.051   0.000  Mcount_dado_cy<4> (Mcount_dado_cy<4>)
     MUXCY:CI->O           1   0.051   0.000  Mcount_dado_cy<5> (Mcount_dado_cy<5>)
     MUXCY:CI->O           0   0.051   0.000  Mcount_dado_cy<6> (Mcount_dado_cy<6>)
     XORCY:CI->O           1   0.699   0.000  Mcount_dado_xor<7> (Mcount_dado7)
     FDCE:D                    0.268          dado_7
    ----------------------------------------
    Total                      4.284ns (3.398ns logic, 0.886ns route)
                                       (79.3% logic, 20.7% route)

=========================================================================
Timing constraint: Default OFFSET OUT AFTER for Clock 'clk'
  Total number of paths / destination ports: 8 / 8
-------------------------------------------------------------------------
Offset:              4.063ns (Levels of Logic = 1)
  Source:            dado_7 (FF)
  Destination:       saidaPC<7> (PAD)
  Source Clock:      clk rising

  Data Path: dado_7 to saidaPC<7>
                                Gate     Net
    Cell:in->out      fanout   Delay   Delay  Logical Name (Net Name)
    ----------------------------------------  ------------
     FDCE:C->Q             2   0.514   0.380  dado_7 (dado_7)
     OBUF:I->O                 3.169          saidaPC_7_OBUF (saidaPC<7>)
    ----------------------------------------
    Total                      4.063ns (3.683ns logic, 0.380ns route)
                                       (90.6% logic, 9.4% route)

=========================================================================


Total REAL time to Xst completion: 7.00 secs
Total CPU time to Xst completion: 6.79 secs
 
--> 

Total memory usage is 4533868 kilobytes

Number of errors   :    0 (   0 filtered)
Number of warnings :    0 (   0 filtered)
Number of infos    :    0 (   0 filtered)

