--------------------------------------------------------------------------------
Release 14.7 Trace  (nt64)
Copyright (c) 1995-2013 Xilinx, Inc.  All rights reserved.

C:\Xilinx\14.7\ISE_DS\ISE\bin\nt64\unwrapped\trce.exe -intstyle ise -v 3 -s 5
-n 3 -fastpaths -xml PC.twx PC.ncd -o PC.twr PC.pcf

Design file:              PC.ncd
Physical constraint file: PC.pcf
Device,package,speed:     xc3s100e,cp132,-5 (PRODUCTION 1.27 2013-10-13)
Report level:             verbose report

Environment Variable      Effect 
--------------------      ------ 
NONE                      No environment variables were set
--------------------------------------------------------------------------------

INFO:Timing:2698 - No timing constraints found, doing default enumeration.
INFO:Timing:3412 - To improve timing, see the Timing Closure User Guide (UG612).
INFO:Timing:2752 - To get complete path coverage, use the unconstrained paths 
   option. All paths that are not constrained will be reported in the 
   unconstrained paths section(s) of the report.
INFO:Timing:3339 - The clock-to-out numbers in this timing report are based on 
   a 50 Ohm transmission line loading model.  For the details of this model, 
   and for more information on accounting for different loading conditions, 
   please see the device datasheet.
INFO:Timing:3390 - This architecture does not support a default System Jitter 
   value, please add SYSTEM_JITTER constraint to the UCF to modify the Clock 
   Uncertainty calculation.
INFO:Timing:3389 - This architecture does not support 'Discrete Jitter' and 
   'Phase Error' calculations, these terms will be zero in the Clock 
   Uncertainty calculation.  Please make appropriate modification to 
   SYSTEM_JITTER to account for the unsupported Discrete Jitter and Phase 
   Error.



Data Sheet report:
-----------------
All values displayed in nanoseconds (ns)

Setup/Hold to clock clk
------------+------------+------------+------------------+--------+
            |Max Setup to|Max Hold to |                  | Clock  |
Source      | clk (edge) | clk (edge) |Internal Clock(s) | Phase  |
------------+------------+------------+------------------+--------+
cargaPC     |    2.498(R)|    0.244(R)|clk_BUFGP         |   0.000|
entradaPC<0>|    1.575(R)|    0.673(R)|clk_BUFGP         |   0.000|
entradaPC<1>|    1.437(R)|    0.553(R)|clk_BUFGP         |   0.000|
entradaPC<2>|    1.692(R)|    0.497(R)|clk_BUFGP         |   0.000|
entradaPC<3>|    1.168(R)|    0.685(R)|clk_BUFGP         |   0.000|
entradaPC<4>|    1.643(R)|    0.454(R)|clk_BUFGP         |   0.000|
entradaPC<5>|    1.564(R)|    0.286(R)|clk_BUFGP         |   0.000|
entradaPC<6>|    1.336(R)|    0.428(R)|clk_BUFGP         |   0.000|
entradaPC<7>|    0.808(R)|    0.445(R)|clk_BUFGP         |   0.000|
incrementaPC|    1.741(R)|    0.087(R)|clk_BUFGP         |   0.000|
reset       |    1.509(R)|    0.182(R)|clk_BUFGP         |   0.000|
------------+------------+------------+------------------+--------+

Clock clk to Pad
------------+------------+------------------+--------+
            | clk (edge) |                  | Clock  |
Destination |   to PAD   |Internal Clock(s) | Phase  |
------------+------------+------------------+--------+
saidaPC<0>  |    7.776(R)|clk_BUFGP         |   0.000|
saidaPC<1>  |    7.420(R)|clk_BUFGP         |   0.000|
saidaPC<2>  |    7.409(R)|clk_BUFGP         |   0.000|
saidaPC<3>  |    7.172(R)|clk_BUFGP         |   0.000|
saidaPC<4>  |    7.369(R)|clk_BUFGP         |   0.000|
saidaPC<5>  |    7.351(R)|clk_BUFGP         |   0.000|
saidaPC<6>  |    7.145(R)|clk_BUFGP         |   0.000|
saidaPC<7>  |    7.134(R)|clk_BUFGP         |   0.000|
------------+------------+------------------+--------+

Clock to Setup on destination clock clk
---------------+---------+---------+---------+---------+
               | Src:Rise| Src:Fall| Src:Rise| Src:Fall|
Source Clock   |Dest:Rise|Dest:Rise|Dest:Fall|Dest:Fall|
---------------+---------+---------+---------+---------+
clk            |    2.973|         |         |         |
---------------+---------+---------+---------+---------+


Analysis completed Thu Oct 11 15:06:26 2018 
--------------------------------------------------------------------------------

Trace Settings:
-------------------------
Trace Settings 

Peak Memory Usage: 4487 MB



