Release 14.7 - xst P.20131013 (nt64)
Copyright (c) 1995-2013 Xilinx, Inc.  All rights reserved.
--> Parameter TMPDIR set to xst/projnav.tmp


Total REAL time to Xst completion: 1.00 secs
Total CPU time to Xst completion: 0.16 secs
 
--> Parameter xsthdpdir set to xst


Total REAL time to Xst completion: 1.00 secs
Total CPU time to Xst completion: 0.16 secs
 
--> Reading design: UnidadeControle.prj

TABLE OF CONTENTS
  1) Synthesis Options Summary
  2) HDL Compilation
  3) Design Hierarchy Analysis
  4) HDL Analysis
  5) HDL Synthesis
     5.1) HDL Synthesis Report
  6) Advanced HDL Synthesis
     6.1) Advanced HDL Synthesis Report
  7) Low Level Synthesis
  8) Partition Report
  9) Final Report
	9.1) Device utilization summary
	9.2) Partition Resource Summary
	9.3) TIMING REPORT


=========================================================================
*                      Synthesis Options Summary                        *
=========================================================================
---- Source Parameters
Input File Name                    : "UnidadeControle.prj"
Input Format                       : mixed
Ignore Synthesis Constraint File   : NO

---- Target Parameters
Output File Name                   : "UnidadeControle"
Output Format                      : NGC
Target Device                      : xc3s100e-5-cp132

---- Source Options
Top Module Name                    : UnidadeControle
Automatic FSM Extraction           : YES
FSM Encoding Algorithm             : Auto
Safe Implementation                : No
FSM Style                          : LUT
RAM Extraction                     : Yes
RAM Style                          : Auto
ROM Extraction                     : Yes
Mux Style                          : Auto
Decoder Extraction                 : YES
Priority Encoder Extraction        : Yes
Shift Register Extraction          : YES
Logical Shifter Extraction         : YES
XOR Collapsing                     : YES
ROM Style                          : Auto
Mux Extraction                     : Yes
Resource Sharing                   : YES
Asynchronous To Synchronous        : NO
Multiplier Style                   : Auto
Automatic Register Balancing       : No

---- Target Options
Add IO Buffers                     : YES
Global Maximum Fanout              : 100000
Add Generic Clock Buffer(BUFG)     : 24
Register Duplication               : YES
Slice Packing                      : YES
Optimize Instantiated Primitives   : NO
Use Clock Enable                   : Yes
Use Synchronous Set                : Yes
Use Synchronous Reset              : Yes
Pack IO Registers into IOBs        : Auto
Equivalent register Removal        : YES

---- General Options
Optimization Goal                  : Speed
Optimization Effort                : 1
Keep Hierarchy                     : No
Netlist Hierarchy                  : As_Optimized
RTL Output                         : Yes
Global Optimization                : AllClockNets
Read Cores                         : YES
Write Timing Constraints           : NO
Cross Clock Analysis               : NO
Hierarchy Separator                : /
Bus Delimiter                      : <>
Case Specifier                     : Maintain
Slice Utilization Ratio            : 100
BRAM Utilization Ratio             : 100
Verilog 2001                       : YES
Auto BRAM Packing                  : NO
Slice Utilization Ratio Delta      : 5

---- Other Options
Cores Search Directories           : {"ipcore_dir"  }

=========================================================================


=========================================================================
*                          HDL Compilation                              *
=========================================================================
Compiling vhdl file "C:/Users/gabri/Dropbox/SD/Arquivos login INF/Trabalho 2 SD - Gabriel Martins dos Santos/Neander_Gabriel_Martins/UnidadeControle.vhd" in Library work.
Entity <unidadecontrole> compiled.
Entity <UnidadeControle> (Architecture <Behavioral>) compiled.

=========================================================================
*                     Design Hierarchy Analysis                         *
=========================================================================
Analyzing hierarchy for entity <UnidadeControle> in library <work> (architecture <Behavioral>).


=========================================================================
*                            HDL Analysis                               *
=========================================================================
Analyzing Entity <UnidadeControle> in library <work> (Architecture <Behavioral>).
Entity <UnidadeControle> analyzed. Unit <UnidadeControle> generated.


=========================================================================
*                           HDL Synthesis                               *
=========================================================================

Performing bidirectional port resolution...

Synthesizing Unit <UnidadeControle>.
    Related source file is "C:/Users/gabri/Dropbox/SD/Arquivos login INF/Trabalho 2 SD - Gabriel Martins dos Santos/Neander_Gabriel_Martins/UnidadeControle.vhd".
    Found finite state machine <FSM_0> for signal <estado>.
    -----------------------------------------------------------------------
    | States             | 9                                              |
    | Transitions        | 48                                             |
    | Inputs             | 12                                             |
    | Outputs            | 9                                              |
    | Clock              | clk                       (rising_edge)        |
    | Reset              | reset                     (positive)           |
    | Reset type         | asynchronous                                   |
    | Reset State        | s0                                             |
    | Power Up State     | s0                                             |
    | Encoding           | automatic                                      |
    | Implementation     | LUT                                            |
    -----------------------------------------------------------------------
    Summary:
	inferred   1 Finite State Machine(s).
Unit <UnidadeControle> synthesized.


=========================================================================
HDL Synthesis Report

Found no macro
=========================================================================

=========================================================================
*                       Advanced HDL Synthesis                          *
=========================================================================

Analyzing FSM <FSM_0> for best encoding.
Optimizing FSM <estado/FSM> on signal <estado[1:4]> with gray encoding.
-------------------
 State | Encoding
-------------------
 s0    | 0000
 s1    | 0001
 s2    | 0011
 s3    | 0010
 s4    | 0110
 s5    | 0111
 s6    | 0101
 s7    | 0100
 s8    | 1100
-------------------

=========================================================================
Advanced HDL Synthesis Report

Macro Statistics
# FSMs                                                 : 1

=========================================================================

=========================================================================
*                         Low Level Synthesis                           *
=========================================================================

Optimizing unit <UnidadeControle> ...

Mapping all equations...
Building and optimizing final netlist ...
Found area constraint ratio of 100 (+ 5) on block UnidadeControle, actual ratio is 3.

Final Macro Processing ...

=========================================================================
Final Register Report

Macro Statistics
# Registers                                            : 4
 Flip-Flops                                            : 4

=========================================================================

=========================================================================
*                           Partition Report                            *
=========================================================================

Partition Implementation Status
-------------------------------

  No Partitions were found in this design.

-------------------------------

=========================================================================
*                            Final Report                               *
=========================================================================
Final Results
RTL Top Level Output File Name     : UnidadeControle.ngr
Top Level Output File Name         : UnidadeControle
Output Format                      : NGC
Optimization Goal                  : Speed
Keep Hierarchy                     : No

Design Statistics
# IOs                              : 23

Cell Usage :
# BELS                             : 49
#      GND                         : 1
#      LUT2                        : 1
#      LUT2_L                      : 1
#      LUT3                        : 10
#      LUT4                        : 29
#      LUT4_L                      : 1
#      MUXF5                       : 6
# FlipFlops/Latches                : 4
#      FDC                         : 4
# Clock Buffers                    : 1
#      BUFGP                       : 1
# IO Buffers                       : 22
#      IBUF                        : 7
#      OBUF                        : 15
=========================================================================

Device utilization summary:
---------------------------

Selected Device : 3s100ecp132-5 

 Number of Slices:                       23  out of    960     2%  
 Number of Slice Flip Flops:              4  out of   1920     0%  
 Number of 4 input LUTs:                 42  out of   1920     2%  
 Number of IOs:                          23
 Number of bonded IOBs:                  23  out of     83    27%  
 Number of GCLKs:                         1  out of     24     4%  

---------------------------
Partition Resource Summary:
---------------------------

  No Partitions were found in this design.

---------------------------


=========================================================================
TIMING REPORT

NOTE: THESE TIMING NUMBERS ARE ONLY A SYNTHESIS ESTIMATE.
      FOR ACCURATE TIMING INFORMATION PLEASE REFER TO THE TRACE REPORT
      GENERATED AFTER PLACE-and-ROUTE.

Clock Information:
------------------
-----------------------------------+------------------------+-------+
Clock Signal                       | Clock buffer(FF name)  | Load  |
-----------------------------------+------------------------+-------+
clk                                | BUFGP                  | 4     |
-----------------------------------+------------------------+-------+

Asynchronous Control Signals Information:
----------------------------------------
-----------------------------------+------------------------+-------+
Control Signal                     | Buffer(FF name)        | Load  |
-----------------------------------+------------------------+-------+
reset                              | IBUF                   | 4     |
-----------------------------------+------------------------+-------+

Timing Summary:
---------------
Speed Grade: -5

   Minimum period: 3.522ns (Maximum Frequency: 283.942MHz)
   Minimum input arrival time before clock: 6.174ns
   Maximum output required time after clock: 7.656ns
   Maximum combinational path delay: 9.207ns

Timing Detail:
--------------
All values displayed in nanoseconds (ns)

=========================================================================
Timing constraint: Default period analysis for Clock 'clk'
  Clock period: 3.522ns (frequency: 283.942MHz)
  Total number of paths / destination ports: 15 / 4
-------------------------------------------------------------------------
Delay:               3.522ns (Levels of Logic = 2)
  Source:            estado_FSM_FFd2 (FF)
  Destination:       estado_FSM_FFd1 (FF)
  Source Clock:      clk rising
  Destination Clock: clk rising

  Data Path: estado_FSM_FFd2 to estado_FSM_FFd1
                                Gate     Net
    Cell:in->out      fanout   Delay   Delay  Logical Name (Net Name)
    ----------------------------------------  ------------
     FDC:C->Q             16   0.514   0.948  estado_FSM_FFd2 (estado_FSM_FFd2)
     LUT4:I1->O            4   0.612   0.568  estado_FSM_FFd1-In11 (estado_cmp_eq0017)
     LUT2:I1->O            3   0.612   0.000  estado_FSM_FFd1-In2 (estado_FSM_FFd1-In)
     FDC:D                     0.268          estado_FSM_FFd1
    ----------------------------------------
    Total                      3.522ns (2.006ns logic, 1.516ns route)
                                       (57.0% logic, 43.0% route)

=========================================================================
Timing constraint: Default OFFSET IN BEFORE for Clock 'clk'
  Total number of paths / destination ports: 42 / 4
-------------------------------------------------------------------------
Offset:              6.174ns (Levels of Logic = 5)
  Source:            Decoder<1> (PAD)
  Destination:       estado_FSM_FFd2 (FF)
  Destination Clock: clk rising

  Data Path: Decoder<1> to estado_FSM_FFd2
                                Gate     Net
    Cell:in->out      fanout   Delay   Delay  Logical Name (Net Name)
    ----------------------------------------  ------------
     IBUF:I->O            13   1.106   0.905  Decoder_1_IBUF (Decoder_1_IBUF)
     LUT4:I1->O            4   0.612   0.529  estado_FSM_FFd4-In1_SW0 (N32)
     LUT3:I2->O            2   0.612   0.532  estado_FSM_FFd4-In1 (N2)
     LUT4:I0->O            1   0.612   0.387  estado_FSM_FFd2-In19 (estado_FSM_FFd2-In19)
     LUT3:I2->O            1   0.612   0.000  estado_FSM_FFd2-In21 (estado_FSM_FFd2-In)
     FDC:D                     0.268          estado_FSM_FFd2
    ----------------------------------------
    Total                      6.174ns (3.822ns logic, 2.352ns route)
                                       (61.9% logic, 38.1% route)

=========================================================================
Timing constraint: Default OFFSET OUT AFTER for Clock 'clk'
  Total number of paths / destination ports: 73 / 15
-------------------------------------------------------------------------
Offset:              7.656ns (Levels of Logic = 4)
  Source:            estado_FSM_FFd3 (FF)
  Destination:       cargaREM (PAD)
  Source Clock:      clk rising

  Data Path: estado_FSM_FFd3 to cargaREM
                                Gate     Net
    Cell:in->out      fanout   Delay   Delay  Logical Name (Net Name)
    ----------------------------------------  ------------
     FDC:C->Q             18   0.514   1.060  estado_FSM_FFd3 (estado_FSM_FFd3)
     LUT4:I0->O            1   0.612   0.360  cargaREM83_SW0 (N62)
     LUT4:I3->O            1   0.612   0.360  cargaREM83 (cargaREM83)
     LUT4:I3->O            1   0.612   0.357  cargaREM100 (cargaREM_OBUF)
     OBUF:I->O                 3.169          cargaREM_OBUF (cargaREM)
    ----------------------------------------
    Total                      7.656ns (5.519ns logic, 2.137ns route)
                                       (72.1% logic, 27.9% route)

=========================================================================
Timing constraint: Default path analysis
  Total number of paths / destination ports: 101 / 14
-------------------------------------------------------------------------
Delay:               9.207ns (Levels of Logic = 6)
  Source:            Decoder<1> (PAD)
  Destination:       cargaREM (PAD)

  Data Path: Decoder<1> to cargaREM
                                Gate     Net
    Cell:in->out      fanout   Delay   Delay  Logical Name (Net Name)
    ----------------------------------------  ------------
     IBUF:I->O            13   1.106   0.905  Decoder_1_IBUF (Decoder_1_IBUF)
     LUT4:I1->O            4   0.612   0.502  estado_FSM_FFd4-In1_SW0 (N32)
     LUT4:I3->O            1   0.612   0.360  cargaREM83_SW0 (N62)
     LUT4:I3->O            1   0.612   0.360  cargaREM83 (cargaREM83)
     LUT4:I3->O            1   0.612   0.357  cargaREM100 (cargaREM_OBUF)
     OBUF:I->O                 3.169          cargaREM_OBUF (cargaREM)
    ----------------------------------------
    Total                      9.207ns (6.723ns logic, 2.484ns route)
                                       (73.0% logic, 27.0% route)

=========================================================================


Total REAL time to Xst completion: 9.00 secs
Total CPU time to Xst completion: 8.05 secs
 
--> 

Total memory usage is 4550040 kilobytes

Number of errors   :    0 (   0 filtered)
Number of warnings :    0 (   0 filtered)
Number of infos    :    0 (   0 filtered)

