Release 14.7 - xst P.20131013 (nt64)
Copyright (c) 1995-2013 Xilinx, Inc.  All rights reserved.
--> Parameter TMPDIR set to xst/projnav.tmp


Total REAL time to Xst completion: 0.00 secs
Total CPU time to Xst completion: 0.19 secs
 
--> Parameter xsthdpdir set to xst


Total REAL time to Xst completion: 0.00 secs
Total CPU time to Xst completion: 0.19 secs
 
--> Reading design: RDM.prj

TABLE OF CONTENTS
  1) Synthesis Options Summary
  2) HDL Compilation
  3) Design Hierarchy Analysis
  4) HDL Analysis
  5) HDL Synthesis
     5.1) HDL Synthesis Report
  6) Advanced HDL Synthesis
     6.1) Advanced HDL Synthesis Report
  7) Low Level Synthesis
  8) Partition Report
  9) Final Report
	9.1) Device utilization summary
	9.2) Partition Resource Summary
	9.3) TIMING REPORT


=========================================================================
*                      Synthesis Options Summary                        *
=========================================================================
---- Source Parameters
Input File Name                    : "RDM.prj"
Input Format                       : mixed
Ignore Synthesis Constraint File   : NO

---- Target Parameters
Output File Name                   : "RDM"
Output Format                      : NGC
Target Device                      : xc3s100e-5-cp132

---- Source Options
Top Module Name                    : RDM
Automatic FSM Extraction           : YES
FSM Encoding Algorithm             : Auto
Safe Implementation                : No
FSM Style                          : LUT
RAM Extraction                     : Yes
RAM Style                          : Auto
ROM Extraction                     : Yes
Mux Style                          : Auto
Decoder Extraction                 : YES
Priority Encoder Extraction        : Yes
Shift Register Extraction          : YES
Logical Shifter Extraction         : YES
XOR Collapsing                     : YES
ROM Style                          : Auto
Mux Extraction                     : Yes
Resource Sharing                   : YES
Asynchronous To Synchronous        : NO
Multiplier Style                   : Auto
Automatic Register Balancing       : No

---- Target Options
Add IO Buffers                     : YES
Global Maximum Fanout              : 100000
Add Generic Clock Buffer(BUFG)     : 24
Register Duplication               : YES
Slice Packing                      : YES
Optimize Instantiated Primitives   : NO
Use Clock Enable                   : Yes
Use Synchronous Set                : Yes
Use Synchronous Reset              : Yes
Pack IO Registers into IOBs        : Auto
Equivalent register Removal        : YES

---- General Options
Optimization Goal                  : Speed
Optimization Effort                : 1
Keep Hierarchy                     : No
Netlist Hierarchy                  : As_Optimized
RTL Output                         : Yes
Global Optimization                : AllClockNets
Read Cores                         : YES
Write Timing Constraints           : NO
Cross Clock Analysis               : NO
Hierarchy Separator                : /
Bus Delimiter                      : <>
Case Specifier                     : Maintain
Slice Utilization Ratio            : 100
BRAM Utilization Ratio             : 100
Verilog 2001                       : YES
Auto BRAM Packing                  : NO
Slice Utilization Ratio Delta      : 5

---- Other Options
Cores Search Directories           : {"ipcore_dir"  }

=========================================================================


=========================================================================
*                          HDL Compilation                              *
=========================================================================
Compiling vhdl file "C:/Users/gabri/Dropbox/SD/Arquivos login INF/Trabalho 2 SD - Gabriel Martins dos Santos/Neander_Gabriel_Martins/RDM.vhd" in Library work.
Architecture behavioral of Entity rdm is up to date.

=========================================================================
*                     Design Hierarchy Analysis                         *
=========================================================================
Analyzing hierarchy for entity <RDM> in library <work> (architecture <behavioral>).


=========================================================================
*                            HDL Analysis                               *
=========================================================================
Analyzing Entity <RDM> in library <work> (Architecture <behavioral>).
Entity <RDM> analyzed. Unit <RDM> generated.


=========================================================================
*                           HDL Synthesis                               *
=========================================================================

Performing bidirectional port resolution...

Synthesizing Unit <RDM>.
    Related source file is "C:/Users/gabri/Dropbox/SD/Arquivos login INF/Trabalho 2 SD - Gabriel Martins dos Santos/Neander_Gabriel_Martins/RDM.vhd".
    Found 1-bit register for signal <cargaAnt>.
    Found 8-bit register for signal <entrada>.
    Found 1-bit register for signal <RDant>.
    Summary:
	inferred  10 D-type flip-flop(s).
Unit <RDM> synthesized.


=========================================================================
HDL Synthesis Report

Macro Statistics
# Registers                                            : 3
 1-bit register                                        : 2
 8-bit register                                        : 1

=========================================================================

=========================================================================
*                       Advanced HDL Synthesis                          *
=========================================================================


=========================================================================
Advanced HDL Synthesis Report

Macro Statistics
# Registers                                            : 10
 Flip-Flops                                            : 10

=========================================================================

=========================================================================
*                         Low Level Synthesis                           *
=========================================================================

Optimizing unit <RDM> ...

Mapping all equations...
Building and optimizing final netlist ...
Found area constraint ratio of 100 (+ 5) on block RDM, actual ratio is 0.

Final Macro Processing ...

=========================================================================
Final Register Report

Macro Statistics
# Registers                                            : 10
 Flip-Flops                                            : 10

=========================================================================

=========================================================================
*                           Partition Report                            *
=========================================================================

Partition Implementation Status
-------------------------------

  No Partitions were found in this design.

-------------------------------

=========================================================================
*                            Final Report                               *
=========================================================================
Final Results
RTL Top Level Output File Name     : RDM.ngr
Top Level Output File Name         : RDM
Output Format                      : NGC
Optimization Goal                  : Speed
Keep Hierarchy                     : No

Design Statistics
# IOs                              : 28

Cell Usage :
# BELS                             : 13
#      INV                         : 2
#      LUT2                        : 1
#      LUT3                        : 9
#      LUT4                        : 1
# FlipFlops/Latches                : 10
#      FDCE                        : 8
#      FDE                         : 2
# Clock Buffers                    : 1
#      BUFGP                       : 1
# IO Buffers                       : 27
#      IBUF                        : 19
#      OBUF                        : 8
=========================================================================

Device utilization summary:
---------------------------

Selected Device : 3s100ecp132-5 

 Number of Slices:                        6  out of    960     0%  
 Number of Slice Flip Flops:             10  out of   1920     0%  
 Number of 4 input LUTs:                 13  out of   1920     0%  
 Number of IOs:                          28
 Number of bonded IOBs:                  28  out of     83    33%  
 Number of GCLKs:                         1  out of     24     4%  

---------------------------
Partition Resource Summary:
---------------------------

  No Partitions were found in this design.

---------------------------


=========================================================================
TIMING REPORT

NOTE: THESE TIMING NUMBERS ARE ONLY A SYNTHESIS ESTIMATE.
      FOR ACCURATE TIMING INFORMATION PLEASE REFER TO THE TRACE REPORT
      GENERATED AFTER PLACE-and-ROUTE.

Clock Information:
------------------
-----------------------------------+------------------------+-------+
Clock Signal                       | Clock buffer(FF name)  | Load  |
-----------------------------------+------------------------+-------+
clk                                | BUFGP                  | 10    |
-----------------------------------+------------------------+-------+

Asynchronous Control Signals Information:
----------------------------------------
-----------------------------------+------------------------+-------+
Control Signal                     | Buffer(FF name)        | Load  |
-----------------------------------+------------------------+-------+
reset                              | IBUF                   | 8     |
-----------------------------------+------------------------+-------+

Timing Summary:
---------------
Speed Grade: -5

   Minimum period: 2.662ns (Maximum Frequency: 375.601MHz)
   Minimum input arrival time before clock: 3.707ns
   Maximum output required time after clock: 4.040ns
   Maximum combinational path delay: No path found

Timing Detail:
--------------
All values displayed in nanoseconds (ns)

=========================================================================
Timing constraint: Default period analysis for Clock 'clk'
  Clock period: 2.662ns (frequency: 375.601MHz)
  Total number of paths / destination ports: 18 / 10
-------------------------------------------------------------------------
Delay:               2.662ns (Levels of Logic = 1)
  Source:            RDant (FF)
  Destination:       entrada_0 (FF)
  Source Clock:      clk rising
  Destination Clock: clk rising

  Data Path: RDant to entrada_0
                                Gate     Net
    Cell:in->out      fanout   Delay   Delay  Logical Name (Net Name)
    ----------------------------------------  ------------
     FDE:C->Q              2   0.514   0.410  RDant (RDant)
     LUT4:I2->O            8   0.612   0.643  entrada_not00011 (entrada_not0001)
     FDCE:CE                   0.483          entrada_0
    ----------------------------------------
    Total                      2.662ns (1.609ns logic, 1.053ns route)
                                       (60.4% logic, 39.6% route)

=========================================================================
Timing constraint: Default OFFSET IN BEFORE for Clock 'clk'
  Total number of paths / destination ports: 45 / 18
-------------------------------------------------------------------------
Offset:              3.707ns (Levels of Logic = 2)
  Source:            cargaRDM (PAD)
  Destination:       entrada_0 (FF)
  Destination Clock: clk rising

  Data Path: cargaRDM to entrada_0
                                Gate     Net
    Cell:in->out      fanout   Delay   Delay  Logical Name (Net Name)
    ----------------------------------------  ------------
     IBUF:I->O            11   1.106   0.862  cargaRDM_IBUF (cargaRDM_IBUF)
     LUT4:I1->O            8   0.612   0.643  entrada_not00011 (entrada_not0001)
     FDCE:CE                   0.483          entrada_0
    ----------------------------------------
    Total                      3.707ns (2.201ns logic, 1.506ns route)
                                       (59.4% logic, 40.6% route)

=========================================================================
Timing constraint: Default OFFSET OUT AFTER for Clock 'clk'
  Total number of paths / destination ports: 8 / 8
-------------------------------------------------------------------------
Offset:              4.040ns (Levels of Logic = 1)
  Source:            entrada_7 (FF)
  Destination:       saidaRDM<7> (PAD)
  Source Clock:      clk rising

  Data Path: entrada_7 to saidaRDM<7>
                                Gate     Net
    Cell:in->out      fanout   Delay   Delay  Logical Name (Net Name)
    ----------------------------------------  ------------
     FDCE:C->Q             1   0.514   0.357  entrada_7 (entrada_7)
     OBUF:I->O                 3.169          saidaRDM_7_OBUF (saidaRDM<7>)
    ----------------------------------------
    Total                      4.040ns (3.683ns logic, 0.357ns route)
                                       (91.2% logic, 8.8% route)

=========================================================================


Total REAL time to Xst completion: 6.00 secs
Total CPU time to Xst completion: 6.11 secs
 
--> 

Total memory usage is 4533840 kilobytes

Number of errors   :    0 (   0 filtered)
Number of warnings :    0 (   0 filtered)
Number of infos    :    0 (   0 filtered)

